<?xml version="1.0" encoding="UTF-8" ?>
<testsuite errors="0" skipped="0" tests="3" time="0.667" failures="0" name="TestSuite">
  <properties>
[...]
</properties>
  <testcase classname="org.sonar.report.pdf.test.PDFPostJobTest" time="0.294" name="shouldExecuteIfNoSkipParameter"/>
  <testcase classname="org.sonar.report.pdf.test.PDFPostJobTest" time="0.006" name="doNotExecuteIfSkipParameter"/>
  <testcase classname="org.sonar.report.pdf.test.PDFReportPluginTest" time="0.04" name="shouldDefineExtensions"/>
</testsuite>