<testng-results>
  <reporter-output>
  </reporter-output>
  <suite name="PDFReporterTestSuite">
    <groups>
      <group name="post-job">
        <method signature="org.sonar.report.pdf.test.PDFReportPluginTest.shouldDefineExtensions()" name="shouldDefineExtensions" class="org.sonar.report.pdf.test.PDFReportPluginTest"/>
        <method signature="org.sonar.report.pdf.test.PDFPostJobTest.shouldExecuteIfNoSkipParameter()" name="shouldExecuteIfNoSkipParameter" class="org.sonar.report.pdf.test.PDFPostJobTest"/>
        <method signature="org.sonar.report.pdf.test.PDFPostJobTest.doNotExecuteIfSkipParameter()" name="doNotExecuteIfSkipParameter" class="org.sonar.report.pdf.test.PDFPostJobTest"/>
      </group>
    </groups>
    <test name="BasicTest">
      <class name="org.sonar.report.pdf.test.PDFPostJobTest">
        <test-method status="PASS" signature="doNotExecuteIfSkipParameter()" name="doNotExecuteIfSkipParameter" duration-ms="6" started-at="2010-11-17T00:33:33Z" finished-at="2010-11-17T00:33:33Z">
        </test-method>
        <test-method status="PASS" signature="shouldExecuteIfNoSkipParameter()" name="shouldExecuteIfNoSkipParameter" duration-ms="294" started-at="2010-11-17T00:33:33Z" finished-at="2010-11-17T00:33:33Z">
        </test-method>
      </class>
      <class name="org.sonar.report.pdf.test.PDFReportPluginTest">
        <test-method status="PASS" signature="shouldDefineExtensions()" name="shouldDefineExtensions" duration-ms="41" started-at="2010-11-17T00:33:33Z" finished-at="2010-11-17T00:33:33Z">
        </test-method>
      </class>
    </test>
  </suite>
</testng-results>
