<testng-results>
  <reporter-output>
  </reporter-output>
  <suite name="PDFReporterTestSuite">
    <groups>
      <group name="metrics">
        <method signature="org.sonar.report.pdf.test.MetricsTest.metricsShouldBeConsistent()" name="metricsShouldBeConsistent" class="org.sonar.report.pdf.test.MetricsTest"/>
      </group>
    </groups>
    <test name="BasicTest">
      <class name="org.sonar.report.pdf.test.MetricsTest">
        <test-method status="PASS" signature="metricsShouldBeConsistent()" name="metricsShouldBeConsistent" duration-ms="2078" started-at="2010-11-17T00:25:02Z" finished-at="2010-11-17T00:25:04Z">
        </test-method>
      </class>
    </test>
  </suite>
</testng-results>
